<?xml version="1.0" encoding="UTF-8"?>
<!-- Generated by org.testng.reporters.JUnitReportReporter -->
<testsuite hostname="DESKTOP-FSQ4VCD" failures="0" tests="6" name="TesClass.TestNG" time="69.416" errors="0" timestamp="2022-02-02T11:42:53 IST" skipped="0">
  <testcase classname="TesClass.TestNG" name="toverifyreporttab" time="12.312"/>
  <system-out/>
  <testcase classname="TesClass.TestNG" name="toverifytasktab" time="7.754"/>
  <system-out/>
  <testcase classname="TesClass.TestNG" name="toverifyreporttab" time="13.495"/>
  <system-out/>
  <testcase classname="TesClass.TestNG" name="toverifytasktab" time="4.975"/>
  <system-out/>
  <testcase classname="TesClass.TestNG" name="toverifyusertab" time="25.141"/>
  <system-out/>
  <testcase classname="TesClass.TestNG" name="toverifyusertab" time="5.739"/>
  <system-out/>
</testsuite> <!-- TesClass.TestNG -->
